<?xml version="1.0" encoding="UTF-8"?>
<!-- Generated by org.testng.reporters.JUnitReportReporter -->
<testsuite hostname="DESKTOP-I4E911K" failures="0" tests="1" name="TestLogin.Login2Naukari" time="29.951" errors="0" timestamp="2023-03-10T09:44:48 IST" skipped="0">
  <testcase classname="TestLogin.Login2Naukari" name="Login2app" time="29.951"/>
  <system-out/>
</testsuite> <!-- TestLogin.Login2Naukari -->
