<?xml version="1.0" encoding="UTF-8"?>
<!-- Generated by org.testng.reporters.JUnitReportReporter -->
<testsuite hostname="DESKTOP-I4E911K" failures="0" tests="1" name="TestLogin.Login2Naukari" time="47.044" errors="0" timestamp="2023-02-05T15:29:51 IST" skipped="0">
  <testcase classname="TestLogin.Login2Naukari" name="Login2app" time="47.044"/>
  <system-out/>
</testsuite> <!-- TestLogin.Login2Naukari -->
