<?xml version="1.0" encoding="UTF-8"?>
<!-- Generated by org.testng.reporters.JUnitReportReporter -->
<testsuite hostname="Lakhan" failures="0" tests="1" name="NaukariAutomation.Naukari.AppTest" time="0.020" errors="0" timestamp="2022-12-20T11:52:04 IST" skipped="0">
  <testcase classname="NaukariAutomation.Naukari.AppTest" name="shouldAnswerWithTrue" time="0.020"/>
  <system-out/>
</testsuite> <!-- NaukariAutomation.Naukari.AppTest -->
