<?xml version="1.0" encoding="UTF-8"?>
<!-- Generated by org.testng.reporters.JUnitReportReporter -->
<testsuite hostname="DESKTOP-I4E911K" failures="0" tests="1" name="TestLogin.Login2Naukari" time="42.169" errors="0" timestamp="2023-02-14T08:33:48 IST" skipped="0">
  <testcase classname="TestLogin.Login2Naukari" name="Login2app" time="42.169"/>
  <system-out/>
</testsuite> <!-- TestLogin.Login2Naukari -->
