<?xml version="1.0" encoding="UTF-8"?>
<!-- Generated by org.testng.reporters.JUnitReportReporter -->
<testsuite hostname="DESKTOP-I4E911K" failures="0" tests="1" name="TestLogin.Login2Naukari" time="44.365" errors="0" timestamp="2023-01-31T10:27:42 IST" skipped="0">
  <testcase classname="TestLogin.Login2Naukari" name="Login2app" time="44.365"/>
  <system-out/>
</testsuite> <!-- TestLogin.Login2Naukari -->
