<?xml version="1.0" encoding="UTF-8"?>
<!-- Generated by org.testng.reporters.JUnitReportReporter -->
<testsuite hostname="DESKTOP-I4E911K" failures="0" tests="1" name="TestLogin.Login2Naukari" time="44.796" errors="0" timestamp="2023-02-01T08:45:47 IST" skipped="0">
  <testcase classname="TestLogin.Login2Naukari" name="Login2app" time="44.796"/>
  <system-out/>
</testsuite> <!-- TestLogin.Login2Naukari -->
