<?xml version="1.0" encoding="UTF-8"?>
<!-- Generated by org.testng.reporters.JUnitReportReporter -->
<testsuite hostname="DESKTOP-I4E911K" failures="0" tests="1" name="TestLogin.Login2Naukari" time="47.740" errors="0" timestamp="2023-01-27T10:04:31 IST" skipped="0">
  <testcase classname="TestLogin.Login2Naukari" name="Login2app" time="47.740"/>
  <system-out/>
</testsuite> <!-- TestLogin.Login2Naukari -->
