<?xml version="1.0" encoding="UTF-8"?>
<!-- Generated by org.testng.reporters.JUnitReportReporter -->
<testsuite hostname="DESKTOP-I4E911K" failures="0" tests="1" name="TestLogin.Login2Naukari" time="43.188" errors="0" timestamp="2023-02-27T07:17:20 IST" skipped="0">
  <testcase classname="TestLogin.Login2Naukari" name="Login2app" time="43.188"/>
  <system-out/>
</testsuite> <!-- TestLogin.Login2Naukari -->
