<?xml version="1.0" encoding="UTF-8"?>
<!-- Generated by org.testng.reporters.JUnitReportReporter -->
<testsuite hostname="DESKTOP-I4E911K" failures="0" tests="1" name="TestLogin.Login2Naukari" time="45.770" errors="0" timestamp="2023-03-09T08:13:54 IST" skipped="0">
  <testcase classname="TestLogin.Login2Naukari" name="Login2app" time="45.770"/>
  <system-out/>
</testsuite> <!-- TestLogin.Login2Naukari -->
