<?xml version="1.0" encoding="UTF-8"?>
<!-- Generated by org.testng.reporters.JUnitReportReporter -->
<testsuite hostname="DESKTOP-I4E911K" failures="0" tests="1" name="TestLogin.Login2Naukari" time="43.766" errors="0" timestamp="2023-02-28T08:17:01 IST" skipped="0">
  <testcase classname="TestLogin.Login2Naukari" name="Login2app" time="43.766"/>
  <system-out/>
</testsuite> <!-- TestLogin.Login2Naukari -->
