<?xml version="1.0" encoding="UTF-8"?>
<!-- Generated by org.testng.reporters.JUnitReportReporter -->
<testsuite hostname="DESKTOP-I4E911K" failures="0" tests="1" name="TestLogin.Login2Naukari" time="41.874" errors="0" timestamp="2023-02-20T08:41:12 IST" skipped="0">
  <testcase classname="TestLogin.Login2Naukari" name="Login2app" time="41.874"/>
  <system-out/>
</testsuite> <!-- TestLogin.Login2Naukari -->
