<?xml version="1.0" encoding="UTF-8"?>
<!-- Generated by org.testng.reporters.JUnitReportReporter -->
<testsuite hostname="DESKTOP-I4E911K" failures="0" tests="1" name="TestLogin.Login2Naukari" time="48.918" errors="0" timestamp="2022-12-27T11:51:25 IST" skipped="0">
  <testcase classname="TestLogin.Login2Naukari" name="Login2app" time="48.918"/>
  <system-out/>
</testsuite> <!-- TestLogin.Login2Naukari -->
