<?xml version="1.0" encoding="UTF-8"?>
<!-- Generated by org.testng.reporters.JUnitReportReporter -->
<testsuite hostname="DESKTOP-I4E911K" failures="0" tests="1" name="TestLogin.Login2Naukari" time="42.238" errors="0" timestamp="2022-12-28T13:35:48 IST" skipped="0">
  <testcase classname="TestLogin.Login2Naukari" name="Login2app" time="42.238"/>
  <system-out/>
</testsuite> <!-- TestLogin.Login2Naukari -->
